#
# A fatal error has been detected by the Java Runtime Environment:
#
#  SIGSEGV (0xb) at pc=0x00007ff819059bea, pid=31363, tid=125703
#
# JRE version: OpenJDK Runtime Environment Temurin-17.0.9+9 (17.0.9+9) (build 17.0.9+9)
# Java VM: OpenJDK 64-Bit Server VM Temurin-17.0.9+9 (17.0.9+9, mixed mode, tiered, compressed oops, compressed class ptrs, g1 gc, bsd-amd64)
# Problematic frame:
# C  [libobjc.A.dylib+0x9bea]  objc_release+0x2a
#
# No core dump will be written. Core dumps have been disabled. To enable core dumping, try "ulimit -c unlimited" before starting Java again
#
# If you would like to submit a bug report, please visit:
#   https://github.com/adoptium/adoptium-support/issues
# The crash happened outside the Java Virtual Machine in native code.
# See problematic frame for where to report the bug.
#

---------------  S U M M A R Y ------------

Command Line: -Dfile.encoding=UTF-8 --module-path=/Users/frankfu/Desktop/2024Fall/CGGameProgramming/Backside_of_the_Moon/Backside_of_the_Moon/build/classes mygame.Main

Host: "MacBookPro18,3" x86_64 (EMULATED) 2400 MHz, 8 cores, 16G, Darwin 22.1.0, macOS 13.0.1 (22A400)
Time: Fri Nov 29 14:51:20 2024 EST elapsed time: 2.317110 seconds (0d 0h 0m 2s)

---------------  T H R E A D  ---------------

Current thread (0x00007ff6602ad600):  JavaThread "jME3 Main" [_thread_in_native, id=125703, stack(0x000000030fa75000,0x000000030fb75000)]

Stack: [0x000000030fa75000,0x000000030fb75000],  sp=0x000000030fb744c8,  free space=1021k
Native frames: (J=compiled Java code, j=interpreted, Vv=VM code, C=native code)
C  [libobjc.A.dylib+0x9bea]  objc_release+0x2a
C  [libobjc.A.dylib+0xa8ff]  objc_autoreleasePoolPop+0xe3
C  [CoreFoundation+0x42341]  _CFAutoreleasePoolPop+0x16
C  [Foundation+0x1f5b1]  -[NSAutoreleasePool release]+0x85
C  [liblwjgl.dylib+0x16cce]  Java_org_lwjgl_opengl_MacOSXContextImplementation_setView+0x10e
j  org.lwjgl.opengl.MacOSXContextImplementation.setView(Ljava/nio/ByteBuffer;Ljava/nio/ByteBuffer;)V+0
j  org.lwjgl.opengl.MacOSXContextImplementation.makeCurrent(Lorg/lwjgl/opengl/PeerInfo;Ljava/nio/ByteBuffer;)V+7
j  org.lwjgl.opengl.ContextGL.makeCurrent()V+46
j  org.lwjgl.opengl.DrawableGL.makeCurrent()V+14
j  org.lwjgl.opengl.Display.makeCurrent()V+3
j  org.lwjgl.opengl.Display.makeCurrentAndSetSwapInterval()V+0
j  org.lwjgl.opengl.Display.create(Lorg/lwjgl/opengl/PixelFormat;Lorg/lwjgl/opengl/Drawable;Lorg/lwjgl/opengl/ContextAttribs;)V+108
j  org.lwjgl.opengl.Display.create(Lorg/lwjgl/opengl/PixelFormat;Lorg/lwjgl/opengl/ContextAttribs;)V+9
j  com.jme3.system.lwjgl.LwjglDisplay.createContext(Lcom/jme3/system/AppSettings;)V+427
j  com.jme3.system.lwjgl.LwjglAbstractDisplay.initInThread()Z+25
j  com.jme3.system.lwjgl.LwjglAbstractDisplay.run()V+36
j  java.lang.Thread.run()V+11 java.base@17.0.9
v  ~StubRoutines::call_stub
V  [libjvm.dylib+0x519d91]  JavaCalls::call_helper(JavaValue*, methodHandle const&, JavaCallArguments*, JavaThread*)+0x2a1
V  [libjvm.dylib+0x518e07]  JavaCalls::call_virtual(JavaValue*, Klass*, Symbol*, Symbol*, JavaCallArguments*, JavaThread*)+0x147
V  [libjvm.dylib+0x518ed3]  JavaCalls::call_virtual(JavaValue*, Handle, Klass*, Symbol*, Symbol*, JavaThread*)+0x63
V  [libjvm.dylib+0x5c5514]  thread_entry(JavaThread*, JavaThread*)+0xb4
V  [libjvm.dylib+0xa8c980]  JavaThread::thread_main_inner()+0x150
V  [libjvm.dylib+0xa8ad1f]  Thread::call_run()+0xcf
V  [libjvm.dylib+0x8a6688]  thread_native_entry(Thread*)+0x148
C  [libsystem_pthread.dylib+0x6259]  _pthread_start+0x7d
C  [libsystem_pthread.dylib+0x1c7b]  thread_start+0xf

Java frames: (J=compiled Java code, j=interpreted, Vv=VM code)
j  org.lwjgl.opengl.MacOSXContextImplementation.setView(Ljava/nio/ByteBuffer;Ljava/nio/ByteBuffer;)V+0
j  org.lwjgl.opengl.MacOSXContextImplementation.makeCurrent(Lorg/lwjgl/opengl/PeerInfo;Ljava/nio/ByteBuffer;)V+7
j  org.lwjgl.opengl.ContextGL.makeCurrent()V+46
j  org.lwjgl.opengl.DrawableGL.makeCurrent()V+14
j  org.lwjgl.opengl.Display.makeCurrent()V+3
j  org.lwjgl.opengl.Display.makeCurrentAndSetSwapInterval()V+0
j  org.lwjgl.opengl.Display.create(Lorg/lwjgl/opengl/PixelFormat;Lorg/lwjgl/opengl/Drawable;Lorg/lwjgl/opengl/ContextAttribs;)V+108
j  org.lwjgl.opengl.Display.create(Lorg/lwjgl/opengl/PixelFormat;Lorg/lwjgl/opengl/ContextAttribs;)V+9
j  com.jme3.system.lwjgl.LwjglDisplay.createContext(Lcom/jme3/system/AppSettings;)V+427
j  com.jme3.system.lwjgl.LwjglAbstractDisplay.initInThread()Z+25
j  com.jme3.system.lwjgl.LwjglAbstractDisplay.run()V+36
j  java.lang.Thread.run()V+11 java.base@17.0.9
v  ~StubRoutines::call_stub

siginfo: si_signo: 11 (SIGSEGV), si_code: 1 (SEGV_MAPERR), si_addr: 0x0000104540ffeea0

Registers:
RAX=0x0000904540ffee80, RBX=0x0000000000000001, RCX=0x00007ff6604bc0a8, RDX=0x0000104540ffee80
RSP=0x000000030fb744c8, RBP=0x000000030fb74500, RSI=0x0100000000000000, RDI=0x000060000203ee80
R8 =0x00007ffffffffff8, R9 =0x0000000000000000, R10=0x00007ff85ca146b0, R11=0x00007ff819473df8
R12=0xa3a3a3a3a3a3a3a3, R13=0x000060000203ee80, R14=0x00007ff6604bc000, R15=0x00007ff6604bc088
RIP=0x00007ff819059bea, EFLAGS=0x0000000000000246, ERR=0x0000000000000004
  TRAPNO=0x000000000000000e


Register to memory mapping:

RAX=0x0000904540ffee80 is an unknown value
RBX=0x0000000000000001 is an unknown value
RCX=0x00007ff6604bc0a8 points into unknown readable memory: 0xa3a3a3a3a3a3a3a3 | a3 a3 a3 a3 a3 a3 a3 a3
RDX=0x0000104540ffee80 is an unknown value
RSP=0x000000030fb744c8 is pointing into the stack for thread: 0x00007ff6602ad600
RBP=0x000000030fb74500 is pointing into the stack for thread: 0x00007ff6602ad600
RSI=0x0100000000000000 is an unknown value
RDI=0x000060000203ee80 points into unknown readable memory: 0x0000904540ffee80 | 80 ee ff 40 45 90 00 00
R8 =0x00007ffffffffff8 is an unknown value
R9 =0x0 is NULL
R10=0x00007ff85ca146b0: OBJC_CLASS_$___NSCFType+0 in /System/Library/Frameworks/CoreFoundation.framework/Versions/A/CoreFoundation at 0x00007ff81941f000
R11=0x00007ff819473df8: -[__NSCFType release]+0 in /System/Library/Frameworks/CoreFoundation.framework/Versions/A/CoreFoundation at 0x00007ff81941f000
R12=0xa3a3a3a3a3a3a3a3 is an unknown value
R13=0x000060000203ee80 points into unknown readable memory: 0x0000904540ffee80 | 80 ee ff 40 45 90 00 00
R14=0x00007ff6604bc000 points into unknown readable memory: 0x4f545541a1a1a1a1 | a1 a1 a1 a1 41 55 54 4f
R15=0x00007ff6604bc088 points into unknown readable memory: 0x0000000000000000 | 00 00 00 00 00 00 00 00


Top of Stack: (sp=0x000000030fb744c8)
0x000000030fb744c8:   00007ff81905da52 43ff1583350a00ec
0x000000030fb744d8:   00007ff6604bc000 0000600002079920
0x000000030fb744e8:   000000013420ece8 00007ff6604bc088
0x000000030fb744f8:   0000600002079920 000000030fb74520
0x000000030fb74508:   00007ff81905a8ff 00007ff6604bc088
0x000000030fb74518:   00007ff8370bc73d 000000030fb74540
0x000000030fb74528:   00007ff819461341 43ff1583350a00ec
0x000000030fb74538:   0000600000a2d3e0 000000030fb74580
0x000000030fb74548:   00007ff81a1ef5b1 00007ff859262c00
0x000000030fb74558:   0000000000000000 43ff1583350a00ec
0x000000030fb74568:   0000600000a2d3e0 00006000020e5950
0x000000030fb74578:   00007ff6602ad8b0 000000030fb745b0
0x000000030fb74588:   00000001becdecce 000000013420ecf0
0x000000030fb74598:   0000000000000000 000000030fb74648
0x000000030fb745a8:   00007ff6602ad600 000000030fb74620
0x000000030fb745b8:   000000011fab2365 000000030fb74620
0x000000030fb745c8:   000000011fab20fb 000000011fab20b6
0x000000030fb745d8:   000000030fb745d8 000000013420ece8
0x000000030fb745e8:   000000030fb74648 000000013420f280
0x000000030fb745f8:   0000000000000000 00000007011e82f0
0x000000030fb74608:   000000013420ecf0 0000000000000000
0x000000030fb74618:   000000030fb74640 000000030fb74698
0x000000030fb74628:   000000011faae42b 00000007011e82f0
0x000000030fb74638:   000000011faaff18 00000007011f21e0
0x000000030fb74648:   0000000701178378 000000030fb74650
0x000000030fb74658:   000000013420ebcf 000000030fb746c8
0x000000030fb74668:   000000013420f280 0000000000000000
0x000000030fb74678:   00000007011e82f0 000000013420ec40
0x000000030fb74688:   000000030fb74640 000000030fb746b8
0x000000030fb74698:   000000030fb74728 000000011faae88f
0x000000030fb746a8:   0000000000000000 0000000701178378
0x000000030fb746b8:   00000007011f21e0 00000007011782b8 

Instructions: (pc=0x00007ff819059bea)
0x00007ff819059aea:   fa 3f 48 89 4a 20 b9 05 00 00 00 48 89 df 48 89
0x00007ff819059afa:   c6 e8 0d a6 01 00 84 c0 75 23 66 f0 41 81 4e 1e
0x00007ff819059b0a:   00 80 48 8b 05 1d dd dc 41 48 8b 00 48 3b 45 e0
0x00007ff819059b1a:   75 2c 48 83 c4 48 5b 41 5e 41 5f 5d c3 31 c0 80
0x00007ff819059b2a:   3d d7 78 e0 41 00 74 da 0f b6 d0 4c 89 f7 be 02
0x00007ff819059b3a:   00 00 00 e8 5e f5 01 00 eb c8 b0 01 eb e1 e8 75
0x00007ff819059b4a:   ff 01 00 90 90 90 90 90 90 90 90 90 90 e9 03 00
0x00007ff819059b5a:   00 00 90 90 90 40 f6 c7 01 75 4e 48 8b 07 a8 01
0x00007ff819059b6a:   74 34 48 b9 00 00 00 00 00 00 00 01 48 89 c2 48
0x00007ff819059b7a:   c1 ea 37 74 34 48 89 c2 48 01 ca 72 12 f0 48 0f
0x00007ff819059b8a:   b1 17 74 25 a8 01 75 e4 31 f6 e9 c1 de 01 00 31
0x00007ff819059b9a:   f6 e9 a0 7e 00 00 48 b9 f8 ff ff ff ff 7f 00 00
0x00007ff819059baa:   48 21 c8 f6 40 1e 01 74 df 48 89 f8 c3 90 90 90
0x00007ff819059bba:   90 90 90 90 90 90 48 85 ff 0f 84 9c 00 00 00 89
0x00007ff819059bca:   f8 83 e0 01 48 85 c0 0f 85 8e 00 00 00 49 b8 f8
0x00007ff819059bda:   ff ff ff ff 7f 00 00 48 8b 07 48 89 c2 4c 21 c2
0x00007ff819059bea:   48 8b 72 20 40 f6 c6 04 74 72 a8 01 0f 84 8c 00
0x00007ff819059bfa:   00 00 48 ba 00 00 00 00 00 00 80 00 48 be 00 00
0x00007ff819059c0a:   00 00 00 00 00 01 48 39 d0 72 50 48 89 c1 48 29
0x00007ff819059c1a:   f1 72 17 f0 48 0f b1 0f 74 3c a8 01 75 e8 31 f6
0x00007ff819059c2a:   ba 01 00 00 00 e9 80 da 01 00 48 85 d0 75 57 4c
0x00007ff819059c3a:   23 07 41 0f b7 40 1e 0f ba e0 0c 48 8d 05 0c fe
0x00007ff819059c4a:   f9 3f 48 8d 0d a5 fd f9 3f 48 0f 43 c8 48 8b 31
0x00007ff819059c5a:   ff 25 b0 e6 f9 3f 48 39 d1 72 d4 c3 66 83 7a 1e
0x00007ff819059c6a:   00 79 0e 83 e6 02 48 85 f6 74 06 f6 42 28 02 75
0x00007ff819059c7a:   1f 48 8b 35 d6 fe f9 3f ff 25 88 e6 f9 3f f6 42
0x00007ff819059c8a:   1e 01 74 9a eb d5 be 01 00 00 00 e9 80 9c 00 00
0x00007ff819059c9a:   48 8b 05 af 5b 9a 43 ff e0 90 90 90 90 90 90 90
0x00007ff819059caa:   90 90 90 90 e9 04 00 00 00 90 90 90 90 55 48 89
0x00007ff819059cba:   e5 53 50 48 89 fb f6 c3 01 75 21 48 b8 07 00 00
0x00007ff819059cca:   00 00 00 a0 00 48 23 03 48 83 f8 01 75 15 48 89
0x00007ff819059cda:   df 48 83 c4 08 5b 5d e9 b4 fe 01 00 48 83 c4 08 


Stack slot to memory mapping:
stack at sp + 0 slots: 0x00007ff81905da52: _ZN19AutoreleasePoolPage12releaseUntilEPP11objc_object+0xa8 in /usr/lib/libobjc.A.dylib at 0x00007ff819050000
stack at sp + 1 slots: 0x43ff1583350a00ec is an unknown value
stack at sp + 2 slots: 0x00007ff6604bc000 points into unknown readable memory: 0x4f545541a1a1a1a1 | a1 a1 a1 a1 41 55 54 4f
stack at sp + 3 slots: 0x0000600002079920 points into unknown readable memory: 0x011dfff85ca1aca9 | a9 ac a1 5c f8 ff 1d 01
stack at sp + 4 slots: 0x000000013420ece8 is pointing into metadata
stack at sp + 5 slots: 0x00007ff6604bc088 points into unknown readable memory: 0x0000000000000000 | 00 00 00 00 00 00 00 00
stack at sp + 6 slots: 0x0000600002079920 points into unknown readable memory: 0x011dfff85ca1aca9 | a9 ac a1 5c f8 ff 1d 01
stack at sp + 7 slots: 0x000000030fb74520 is pointing into the stack for thread: 0x00007ff6602ad600


---------------  P R O C E S S  ---------------

Threads class SMR info:
_java_thread_list=0x0000600002e87bc0, length=20, elements={
0x00007ff658828600, 0x00007ff65882ae00, 0x00007ff661820600, 0x00007ff661820000,
0x00007ff661821c00, 0x00007ff65882be00, 0x00007ff66000dc00, 0x00007ff661822200,
0x00007ff66085cc00, 0x00007ff628020200, 0x00007ff661823000, 0x00007ff661921e00,
0x00007ff6588d9600, 0x00007ff660813400, 0x00007ff66019be00, 0x00007ff6608d5000,
0x00007ff661975000, 0x00007ff660ab7000, 0x00007ff6602ad600, 0x00007ff661a19000
}

Java Threads: ( => current thread )
  0x00007ff658828600 JavaThread "Reference Handler" daemon [_thread_blocked, id=22343, stack(0x000000030dc5e000,0x000000030dd5e000)]
  0x00007ff65882ae00 JavaThread "Finalizer" daemon [_thread_blocked, id=31491, stack(0x000000030dd61000,0x000000030de61000)]
  0x00007ff661820600 JavaThread "Signal Dispatcher" daemon [_thread_blocked, id=24835, stack(0x000000030dffb000,0x000000030e0fb000)]
  0x00007ff661820000 JavaThread "Service Thread" daemon [_thread_blocked, id=29699, stack(0x000000030e0fe000,0x000000030e1fe000)]
  0x00007ff661821c00 JavaThread "Monitor Deflation Thread" daemon [_thread_blocked, id=29443, stack(0x000000030e201000,0x000000030e301000)]
  0x00007ff65882be00 JavaThread "C2 CompilerThread0" daemon [_thread_blocked, id=29187, stack(0x000000030e304000,0x000000030e404000)]
  0x00007ff66000dc00 JavaThread "C1 CompilerThread0" daemon [_thread_blocked, id=25603, stack(0x000000030e407000,0x000000030e507000)]
  0x00007ff661822200 JavaThread "Sweeper thread" daemon [_thread_blocked, id=25859, stack(0x000000030e50a000,0x000000030e60a000)]
  0x00007ff66085cc00 JavaThread "Common-Cleaner" daemon [_thread_blocked, id=26747, stack(0x000000030e60d000,0x000000030e70d000)]
  0x00007ff628020200 JavaThread "Notification Thread" daemon [_thread_blocked, id=27411, stack(0x000000030e710000,0x000000030e810000)]
  0x00007ff661823000 JavaThread "AppKit Thread" daemon [_thread_in_native, id=259, stack(0x000000030ccc6000,0x000000030d4c6000)]
  0x00007ff661921e00 JavaThread "AWT-Shutdown" [_thread_blocked, id=63531, stack(0x000000030e916000,0x000000030ea16000)]
  0x00007ff6588d9600 JavaThread "AWT-EventQueue-0" [_thread_blocked, id=58159, stack(0x000000030ecba000,0x000000030edba000)]
  0x00007ff660813400 JavaThread "Java2D Queue Flusher" daemon [_thread_blocked, id=68967, stack(0x000000030edbd000,0x000000030eebd000)]
  0x00007ff66019be00 JavaThread "Java2D Disposer" daemon [_thread_blocked, id=71847, stack(0x000000030eec0000,0x000000030efc0000)]
  0x00007ff6608d5000 JavaThread "Timer-0" daemon [_thread_blocked, id=74859, stack(0x000000030efc3000,0x000000030f0c3000)]
  0x00007ff661975000 JavaThread "Image Fetcher 0" daemon [_thread_blocked, id=79135, stack(0x000000030f0c6000,0x000000030f1c6000)]
  0x00007ff660ab7000 JavaThread "TimerQueue" daemon [_thread_blocked, id=89135, stack(0x000000030f1c9000,0x000000030f2c9000)]
=>0x00007ff6602ad600 JavaThread "jME3 Main" [_thread_in_native, id=125703, stack(0x000000030fa75000,0x000000030fb75000)]
  0x00007ff661a19000 JavaThread "DestroyJavaVM" [_thread_blocked, id=9987, stack(0x000000030d549000,0x000000030d649000)]

Other Threads:
  0x00007ff661008800 VMThread "VM Thread" [stack: 0x000000030db5b000,0x000000030dc5b000] [id=32515]
  0x00007ff64ff12a60 WatcherThread [stack: 0x000000030e813000,0x000000030e913000] [id=32771]
  0x00007ff661004d50 GCTaskThread "GC Thread#0" [stack: 0x000000030d64c000,0x000000030d74c000] [id=21507]
  0x00007ff61aa90800 GCTaskThread "GC Thread#1" [stack: 0x000000030f463000,0x000000030f563000] [id=125523]
  0x00007ff61aa90ab0 GCTaskThread "GC Thread#2" [stack: 0x000000030f566000,0x000000030f666000] [id=93443]
  0x00007ff61aa90f30 GCTaskThread "GC Thread#3" [stack: 0x000000030f669000,0x000000030f769000] [id=93955]
  0x00007ff61ab1a200 GCTaskThread "GC Thread#4" [stack: 0x000000030f76c000,0x000000030f86c000] [id=124931]
  0x00007ff65ff5f110 GCTaskThread "GC Thread#5" [stack: 0x000000030f86f000,0x000000030f96f000] [id=124675]
  0x00007ff658182960 GCTaskThread "GC Thread#6" [stack: 0x000000030f972000,0x000000030fa72000] [id=126491]
  0x00007ff661005400 ConcurrentGCThread "G1 Main Marker" [stack: 0x000000030d74f000,0x000000030d84f000] [id=16643]
  0x00007ff64ff04240 ConcurrentGCThread "G1 Conc#0" [stack: 0x000000030d852000,0x000000030d952000] [id=20739]
  0x00007ff65ff07670 ConcurrentGCThread "G1 Refine#0" [stack: 0x000000030d955000,0x000000030da55000] [id=17667]
  0x00007ff65ff07f10 ConcurrentGCThread "G1 Service" [stack: 0x000000030da58000,0x000000030db58000] [id=19971]

Threads with active compile tasks:

VM state: not at safepoint (normal execution)

VM Mutex/Monitor currently owned by a thread: None

Heap address: 0x0000000700000000, size: 4096 MB, Compressed Oops mode: Zero based, Oop shift amount: 3

CDS archive(s) not mapped
Compressed class space mapped at: 0x0000000800000000-0x0000000840000000, reserved size: 1073741824
Narrow klass base: 0x0000000800000000, Narrow klass shift: 0, Narrow klass range: 0x40000000

GC Precious Log:
 CPUs: 8 total, 8 available
 Memory: 16384M
 Large Page Support: Disabled
 NUMA Support: Disabled
 Compressed Oops: Enabled (Zero based)
 Heap Region Size: 2M
 Heap Min Capacity: 8M
 Heap Initial Capacity: 256M
 Heap Max Capacity: 4G
 Pre-touch: Disabled
 Parallel Workers: 8
 Concurrent Workers: 2
 Concurrent Refinement Workers: 8
 Periodic GC: Disabled

Heap:
 garbage-first heap   total 20480K, used 6006K [0x0000000700000000, 0x0000000800000000)
  region size 2048K, 2 young (4096K), 0 survivors (0K)
 Metaspace       used 20585K, committed 20800K, reserved 1114112K
  class space    used 2199K, committed 2304K, reserved 1048576K

Heap Regions: E=young(eden), S=young(survivor), O=old, HS=humongous(starts), HC=humongous(continues), CS=collection set, F=free, OA=open archive, CA=closed archive, TAMS=top-at-mark-start (previous, next)
|   0|0x0000000700000000, 0x0000000700200000, 0x0000000700200000|100%|HS|  |TAMS 0x0000000700200000, 0x0000000700000000| Untracked 
|   1|0x0000000700200000, 0x00000007003de5c0, 0x0000000700400000| 93%| O|  |TAMS 0x0000000700200000, 0x0000000700200000| Untracked 
|   2|0x0000000700400000, 0x00000007005ff450, 0x0000000700600000| 99%| O|  |TAMS 0x0000000700400000, 0x0000000700400000| Untracked 
|   3|0x0000000700600000, 0x0000000700600000, 0x0000000700800000|  0%| F|  |TAMS 0x0000000700600000, 0x0000000700600000| Untracked 
|   4|0x0000000700800000, 0x0000000700800000, 0x0000000700a00000|  0%| F|  |TAMS 0x0000000700800000, 0x0000000700800000| Untracked 
|   5|0x0000000700a00000, 0x0000000700a00000, 0x0000000700c00000|  0%| F|  |TAMS 0x0000000700a00000, 0x0000000700a00000| Untracked 
|   6|0x0000000700c00000, 0x0000000700c00000, 0x0000000700e00000|  0%| F|  |TAMS 0x0000000700c00000, 0x0000000700c00000| Untracked 
|   7|0x0000000700e00000, 0x0000000700e00000, 0x0000000701000000|  0%| F|  |TAMS 0x0000000700e00000, 0x0000000700e00000| Untracked 
|   8|0x0000000701000000, 0x00000007011f5ba0, 0x0000000701200000| 97%| E|  |TAMS 0x0000000701000000, 0x0000000701000000| Complete 
|   9|0x0000000701200000, 0x0000000701400000, 0x0000000701400000|100%| E|  |TAMS 0x0000000701200000, 0x0000000701200000| Complete 

Card table byte_map: [0x000000012756e000,0x0000000127d6e000] _byte_map_base: 0x0000000123d6e000

Marking Bits (Prev, Next): (CMBitMap*) 0x00007ff660822c10, (CMBitMap*) 0x00007ff660822c50
 Prev Bits: [0x000000012856e000, 0x000000012c56e000)
 Next Bits: [0x000000012c56e000, 0x000000013056e000)

Polling page: 0x0000000104953000

Metaspace:

Usage:
  Non-class:     17.95 MB used.
      Class:      2.15 MB used.
       Both:     20.10 MB used.

Virtual space:
  Non-class space:       64.00 MB reserved,      18.06 MB ( 28%) committed,  1 nodes.
      Class space:        1.00 GB reserved,       2.25 MB ( <1%) committed,  1 nodes.
             Both:        1.06 GB reserved,      20.31 MB (  2%) committed. 

Chunk freelists:
   Non-Class:  13.92 MB
       Class:  13.69 MB
        Both:  27.61 MB

MaxMetaspaceSize: unlimited
CompressedClassSpaceSize: 1.00 GB
Initial GC threshold: 21.00 MB
Current GC threshold: 30.00 MB
CDS: off
MetaspaceReclaimPolicy: balanced
 - commit_granule_bytes: 65536.
 - commit_granule_words: 8192.
 - virtual_space_node_default_size: 8388608.
 - enlarge_chunks_in_place: 1.
 - new_chunks_are_fully_committed: 0.
 - uncommit_free_chunks: 1.
 - use_allocation_guard: 0.
 - handle_deallocations: 1.


Internal statistics:

num_allocs_failed_limit: 0.
num_arena_births: 158.
num_arena_deaths: 2.
num_vsnodes_births: 2.
num_vsnodes_deaths: 0.
num_space_committed: 325.
num_space_uncommitted: 0.
num_chunks_returned_to_freelist: 2.
num_chunks_taken_from_freelist: 290.
num_chunk_merges: 0.
num_chunk_splits: 170.
num_chunks_enlarged: 106.
num_inconsistent_stats: 0.

CodeHeap 'non-profiled nmethods': size=120028Kb used=442Kb max_used=442Kb free=119585Kb
 bounds [0x0000000120037000, 0x00000001202a7000, 0x000000012756e000]
CodeHeap 'profiled nmethods': size=120028Kb used=2453Kb max_used=2453Kb free=117574Kb
 bounds [0x000000011856e000, 0x00000001187de000, 0x000000011faa5000]
CodeHeap 'non-nmethods': size=5704Kb used=1335Kb max_used=1343Kb free=4368Kb
 bounds [0x000000011faa5000, 0x000000011fd15000, 0x0000000120037000]
 total_blobs=2148 nmethods=1457 adapters=606
 compilation: enabled
              stopped_count=0, restarted_count=0
 full_count=0

Compilation events (20 events):
Event: 2.308 Thread 0x00007ff66000dc00 1449       3       java.util.LinkedHashMap::newNode (23 bytes)
Event: 2.308 Thread 0x00007ff66000dc00 nmethod 1449 0x00000001187d0010 code [0x00000001187d01e0, 0x00000001187d0600]
Event: 2.308 Thread 0x00007ff66000dc00 1448       1       java.lang.reflect.Field::getDeclaringClass (5 bytes)
Event: 2.308 Thread 0x00007ff66000dc00 nmethod 1448 0x00000001200a5210 code [0x00000001200a53a0, 0x00000001200a5470]
Event: 2.308 Thread 0x00007ff66000dc00 1450   !   3       jdk.internal.reflect.ReflectionFactory::checkInitted (100 bytes)
Event: 2.309 Thread 0x00007ff66000dc00 nmethod 1450 0x00000001187d0790 code [0x00000001187d0aa0, 0x00000001187d1980]
Event: 2.309 Thread 0x00007ff66000dc00 1452       1       java.lang.reflect.Field::getType (5 bytes)
Event: 2.309 Thread 0x00007ff66000dc00 nmethod 1452 0x00000001200a5510 code [0x00000001200a56a0, 0x00000001200a5770]
Event: 2.309 Thread 0x00007ff66000dc00 1451       3       java.lang.reflect.ReflectAccess::getRoot (5 bytes)
Event: 2.309 Thread 0x00007ff66000dc00 nmethod 1451 0x00000001187d1e10 code [0x00000001187d1fc0, 0x00000001187d2180]
Event: 2.309 Thread 0x00007ff66000dc00 1454       3       java.lang.reflect.Field::setFieldAccessor (34 bytes)
Event: 2.309 Thread 0x00007ff66000dc00 nmethod 1454 0x00000001187d2290 code [0x00000001187d2460, 0x00000001187d28a0]
Event: 2.309 Thread 0x00007ff66000dc00 1453       1       java.lang.reflect.Field::getRoot (5 bytes)
Event: 2.309 Thread 0x00007ff66000dc00 nmethod 1453 0x00000001200a5810 code [0x00000001200a59a0, 0x00000001200a5a70]
Event: 2.310 Thread 0x00007ff66000dc00 1455       3       java.lang.Short::valueOf (37 bytes)
Event: 2.310 Thread 0x00007ff66000dc00 nmethod 1455 0x00000001187d2990 code [0x00000001187d2b60, 0x00000001187d2e70]
Event: 2.310 Thread 0x00007ff66000dc00 1456       3       java.lang.Short::hashCode (8 bytes)
Event: 2.310 Thread 0x00007ff66000dc00 nmethod 1456 0x00000001187d2f90 code [0x00000001187d3140, 0x00000001187d3290]
Event: 2.310 Thread 0x00007ff66000dc00 1457       3       java.nio.Buffer::remaining (20 bytes)
Event: 2.310 Thread 0x00007ff66000dc00 nmethod 1457 0x00000001187d3390 code [0x00000001187d3540, 0x00000001187d36d0]

GC Heap History (4 events):
Event: 2.095 GC heap before
{Heap before GC invocations=0 (full 0):
 garbage-first heap   total 262144K, used 14336K [0x0000000700000000, 0x0000000800000000)
  region size 2048K, 7 young (14336K), 0 survivors (0K)
 Metaspace       used 18277K, committed 18432K, reserved 1114112K
  class space    used 1987K, committed 2048K, reserved 1048576K
}
Event: 2.111 GC heap after
{Heap after GC invocations=1 (full 1):
 garbage-first heap   total 49152K, used 6006K [0x0000000700000000, 0x0000000800000000)
  region size 2048K, 0 young (0K), 0 survivors (0K)
 Metaspace       used 18275K, committed 18432K, reserved 1114112K
  class space    used 1986K, committed 2048K, reserved 1048576K
}
Event: 2.114 GC heap before
{Heap before GC invocations=1 (full 1):
 garbage-first heap   total 49152K, used 6006K [0x0000000700000000, 0x0000000800000000)
  region size 2048K, 1 young (2048K), 0 survivors (0K)
 Metaspace       used 18275K, committed 18432K, reserved 1114112K
  class space    used 1986K, committed 2048K, reserved 1048576K
}
Event: 2.121 GC heap after
{Heap after GC invocations=2 (full 2):
 garbage-first heap   total 20480K, used 6006K [0x0000000700000000, 0x0000000800000000)
  region size 2048K, 0 young (0K), 0 survivors (0K)
 Metaspace       used 18275K, committed 18432K, reserved 1114112K
  class space    used 1986K, committed 2048K, reserved 1048576K
}

Dll operation events (11 events):
Event: 0.006 Loaded shared library /Applications/jmonkeyplatform.app/Contents/Resources/jmonkeyplatform/jdk/lib/libjava.dylib
Event: 0.051 Loaded shared library /Applications/jmonkeyplatform.app/Contents/Resources/jmonkeyplatform/jdk/lib/libnio.dylib
Event: 0.178 Loaded shared library /Applications/jmonkeyplatform.app/Contents/Resources/jmonkeyplatform/jdk/lib/libzip.dylib
Event: 0.229 Loaded shared library /Applications/jmonkeyplatform.app/Contents/Resources/jmonkeyplatform/jdk/lib/libjimage.dylib
Event: 0.294 Loaded shared library /Applications/jmonkeyplatform.app/Contents/Resources/jmonkeyplatform/jdk/lib/libawt.dylib
Event: 0.297 Loaded shared library /Applications/jmonkeyplatform.app/Contents/Resources/jmonkeyplatform/jdk/lib/libawt_lwawt.dylib
Event: 0.345 Loaded shared library /Applications/jmonkeyplatform.app/Contents/Resources/jmonkeyplatform/jdk/lib/libfontmanager.dylib
Event: 0.601 Loaded shared library /Applications/jmonkeyplatform.app/Contents/Resources/jmonkeyplatform/jdk/lib/libosxui.dylib
Event: 0.687 Loaded shared library /Applications/jmonkeyplatform.app/Contents/Resources/jmonkeyplatform/jdk/lib/libprefs.dylib
Event: 2.269 Loaded shared library /Users/frankfu/Desktop/2024Fall/CGGameProgramming/Backside_of_the_Moon/Backside_of_the_Moon/libopenal.dylib
Event: 2.279 Loaded shared library /Users/frankfu/Desktop/2024Fall/CGGameProgramming/Backside_of_the_Moon/Backside_of_the_Moon/liblwjgl.dylib

Deoptimization events (20 events):
Event: 0.742 Thread 0x00007ff661975000 DEOPT PACKING pc=0x000000011867414d sp=0x000000030f1c5640
Event: 0.742 Thread 0x00007ff661975000 DEOPT UNPACKING pc=0x000000011fafbe10 sp=0x000000030f1c4ad0 mode 0
Event: 0.742 Thread 0x00007ff661975000 DEOPT PACKING pc=0x000000011867414d sp=0x000000030f1c5640
Event: 0.742 Thread 0x00007ff661975000 DEOPT UNPACKING pc=0x000000011fafbe10 sp=0x000000030f1c4ad0 mode 0
Event: 0.742 Thread 0x00007ff661975000 DEOPT PACKING pc=0x000000011867414d sp=0x000000030f1c5640
Event: 0.742 Thread 0x00007ff661975000 DEOPT UNPACKING pc=0x000000011fafbe10 sp=0x000000030f1c4ad0 mode 0
Event: 0.742 Thread 0x00007ff661975000 DEOPT PACKING pc=0x000000011867414d sp=0x000000030f1c5640
Event: 0.742 Thread 0x00007ff661975000 DEOPT UNPACKING pc=0x000000011fafbe10 sp=0x000000030f1c4ad0 mode 0
Event: 0.742 Thread 0x00007ff661975000 DEOPT PACKING pc=0x000000011867414d sp=0x000000030f1c5640
Event: 0.742 Thread 0x00007ff661975000 DEOPT UNPACKING pc=0x000000011fafbe10 sp=0x000000030f1c4ad0 mode 0
Event: 0.742 Thread 0x00007ff661975000 DEOPT PACKING pc=0x000000011867414d sp=0x000000030f1c5640
Event: 0.742 Thread 0x00007ff661975000 DEOPT UNPACKING pc=0x000000011fafbe10 sp=0x000000030f1c4ad0 mode 0
Event: 0.904 Thread 0x00007ff6588d9600 Uncommon trap: trap_request=0xffffff45 fr.pc=0x000000012003d6fc relative=0x000000000000005c
Event: 0.904 Thread 0x00007ff6588d9600 Uncommon trap: reason=unstable_if action=reinterpret pc=0x000000012003d6fc method=java.lang.String.isLatin1()Z @ 10 c2
Event: 0.904 Thread 0x00007ff6588d9600 DEOPT PACKING pc=0x000000012003d6fc sp=0x000000030edb79b0
Event: 0.904 Thread 0x00007ff6588d9600 DEOPT UNPACKING pc=0x000000011fafb693 sp=0x000000030edb7960 mode 2
Event: 1.399 Thread 0x00007ff6588d9600 Uncommon trap: trap_request=0xffffff45 fr.pc=0x000000012007dc70 relative=0x0000000000000430
Event: 1.399 Thread 0x00007ff6588d9600 Uncommon trap: reason=unstable_if action=reinterpret pc=0x000000012007dc70 method=java.lang.StringLatin1.toLowerCase(Ljava/lang/String;[BLjava/util/Locale;)Ljava/lang/String; @ 43 c2
Event: 1.399 Thread 0x00007ff6588d9600 DEOPT PACKING pc=0x000000012007dc70 sp=0x000000030edb7b60
Event: 1.399 Thread 0x00007ff6588d9600 DEOPT UNPACKING pc=0x000000011fafb693 sp=0x000000030edb7af0 mode 2

Classes unloaded (1 events):
Event: 2.098 Thread 0x00007ff661008800 Unloading class 0x00000008001c1800 'java/lang/invoke/LambdaForm$DMH+0x00000008001c1800'

Classes redefined (0 events):
No events

Internal exceptions (20 events):
Event: 0.343 Thread 0x00007ff66000e400 Exception <a 'java/lang/ClassNotFoundException'{0x000000070fb6a910}: sun/awt/resources/spi/awtosxProvider> (0x000000070fb6a910) 
thrown [src/hotspot/share/classfile/systemDictionary.cpp, line 256]
Event: 0.568 Thread 0x00007ff6588d9600 Exception <a 'java/lang/NoSuchMethodError'{0x000000070f8286a8}: 'void java.lang.invoke.DirectMethodHandle$Holder.invokeStatic(java.lang.Object, java.lang.Object)'> (0x000000070f8286a8) 
thrown [src/hotspot/share/interpreter/linkResolver.cpp, line 759]
Event: 0.604 Thread 0x00007ff6588d9600 Exception <a 'java/lang/NoSuchMethodError'{0x000000070f865d58}: 'void java.lang.invoke.DirectMethodHandle$Holder.invokeStaticInit(java.lang.Object)'> (0x000000070f865d58) 
thrown [src/hotspot/share/interpreter/linkResolver.cpp, line 759]
Event: 0.613 Thread 0x00007ff6588d9600 Exception <a 'java/lang/NoSuchMethodError'{0x000000070f96a1f8}: 'java.lang.Object java.lang.invoke.DirectMethodHandle$Holder.newInvokeSpecial(java.lang.Object, java.lang.Object, java.lang.Object, java.lang.Object, java.lang.Object)'> (0x000000070f96a1f8) 
thrown [src/hotspot/share/interpreter/linkResolver.cpp, line 759]
Event: 0.616 Thread 0x00007ff6588d9600 Exception <a 'java/lang/NoSuchMethodError'{0x000000070f975bc0}: 'java.lang.Object java.lang.invoke.DirectMethodHandle$Holder.invokeStatic(java.lang.Object, int, java.lang.Object, java.lang.Object, java.lang.Object, java.lang.Object)'> (0x000000070f975bc0) 
thrown [src/hotspot/share/interpreter/linkResolver.cpp, line 759]
Event: 0.624 Thread 0x00007ff6588d9600 Exception <a 'java/lang/NoSuchMethodError'{0x000000070f99b2b0}: 'java.lang.Object java.lang.invoke.DirectMethodHandle$Holder.invokeStatic(java.lang.Object, int, java.lang.Object)'> (0x000000070f99b2b0) 
thrown [src/hotspot/share/interpreter/linkResolver.cpp, line 759]
Event: 0.630 Thread 0x00007ff6588d9600 Exception <a 'java/lang/ClassNotFoundException'{0x000000070f9cd740}: com/apple/laf/resources/spi/aquaProvider> (0x000000070f9cd740) 
thrown [src/hotspot/share/classfile/systemDictionary.cpp, line 256]
Event: 0.655 Thread 0x00007ff6588d9600 Exception <a 'java/lang/ClassNotFoundException'{0x000000070f63d350}: com/sun/swing/internal/plaf/basic/resources/spi/basicProvider> (0x000000070f63d350) 
thrown [src/hotspot/share/classfile/systemDictionary.cpp, line 256]
Event: 0.664 Thread 0x00007ff6588d9600 Exception <a 'java/lang/NoSuchMethodError'{0x000000070f6589b0}: 'java.lang.Object java.lang.invoke.DirectMethodHandle$Holder.invokeInterface(java.lang.Object, java.lang.Object)'> (0x000000070f6589b0) 
thrown [src/hotspot/share/interpreter/linkResolver.cpp, line 759]
Event: 0.708 Thread 0x00007ff661975000 Exception <a 'java/lang/NoSuchMethodError'{0x000000070f7146c8}: 'java.lang.Object java.lang.invoke.DirectMethodHandle$Holder.newInvokeSpecial(java.lang.Object, java.lang.Object, java.lang.Object, int, int, int, int, int)'> (0x000000070f7146c8) 
thrown [src/hotspot/share/interpreter/linkResolver.cpp, line 759]
Event: 0.830 Thread 0x00007ff6588d9600 Exception <a 'java/lang/NoSuchMethodError'{0x000000070f4a0a90}: 'java.lang.Object java.lang.invoke.DirectMethodHandle$Holder.newInvokeSpecial(java.lang.Object, java.lang.Object, java.lang.Object, int, java.lang.Object)'> (0x000000070f4a0a90) 
thrown [src/hotspot/share/interpreter/linkResolver.cpp, line 759]
Event: 0.850 Thread 0x00007ff6588d9600 Exception <a 'java/lang/NoSuchMethodError'{0x000000070f4b9760}: 'java.lang.Object java.lang.invoke.Invokers$Holder.linkToTargetMethod(int, int, int, int, java.lang.Object)'> (0x000000070f4b9760) 
thrown [src/hotspot/share/interpreter/linkResolver.cpp, line 759]
Event: 0.852 Thread 0x00007ff6588d9600 Exception <a 'java/lang/NoSuchMethodError'{0x000000070f4bd4f0}: 'void java.lang.invoke.DirectMethodHandle$Holder.invokeStatic(java.lang.Object, java.lang.Object, long)'> (0x000000070f4bd4f0) 
thrown [src/hotspot/share/interpreter/linkResolver.cpp, line 759]
Event: 0.855 Thread 0x00007ff661823000 Exception <a 'java/lang/NoSuchMethodError'{0x000000070f8ea470}: 'void java.lang.invoke.DirectMethodHandle$Holder.invokeStatic(java.lang.Object, java.lang.Object, long)'> (0x000000070f8ea470) 
thrown [src/hotspot/share/interpreter/linkResolver.cpp, line 759]
Event: 0.871 Thread 0x00007ff661823000 Exception <a 'java/lang/NoSuchMethodError'{0x000000070f9095e0}: 'void java.lang.invoke.DirectMethodHandle$Holder.invokeSpecial(java.lang.Object, java.lang.Object, long)'> (0x000000070f9095e0) 
thrown [src/hotspot/share/interpreter/linkResolver.cpp, line 759]
Event: 1.445 Thread 0x00007ff661823000 Exception <a 'java/lang/NoSuchMethodError'{0x000000070f916d18}: 'void java.lang.invoke.DirectMethodHandle$Holder.invokeStatic(java.lang.Object, long)'> (0x000000070f916d18) 
thrown [src/hotspot/share/interpreter/linkResolver.cpp, line 759]
Event: 1.449 Thread 0x00007ff6588d9600 Exception <a 'java/lang/NoSuchMethodError'{0x000000070f5e6298}: 'void java.lang.invoke.DirectMethodHandle$Holder.invokeStatic(java.lang.Object, long, long)'> (0x000000070f5e6298) 
thrown [src/hotspot/share/interpreter/linkResolver.cpp, line 759]
Event: 1.449 Thread 0x00007ff6588d9600 Exception <a 'java/lang/NoSuchMethodError'{0x000000070f5ebb68}: 'java.lang.Object java.lang.invoke.DirectMethodHandle$Holder.newInvokeSpecial(java.lang.Object, long)'> (0x000000070f5ebb68) 
thrown [src/hotspot/share/interpreter/linkResolver.cpp, line 759]
Event: 1.450 Thread 0x00007ff6588d9600 Exception <a 'java/lang/NoSuchMethodError'{0x000000070f5f5e20}: 'java.lang.Object java.lang.invoke.DirectMethodHandle$Holder.newInvokeSpecial(java.lang.Object, java.lang.Object, int)'> (0x000000070f5f5e20) 
thrown [src/hotspot/share/interpreter/linkResolver.cpp, line 759]
Event: 2.170 Thread 0x00007ff66000e400 Exception <a 'java/lang/ClassNotFoundException'{0x00000007012dacc0}: sun/util/logging/resources/spi/loggingProvider> (0x00000007012dacc0) 
thrown [src/hotspot/share/classfile/systemDictionary.cpp, line 256]

VM Operations (14 events):
Event: 0.136 Executing VM operation: HandshakeAllThreads
Event: 0.136 Executing VM operation: HandshakeAllThreads done
Event: 0.266 Executing VM operation: HandshakeAllThreads
Event: 0.266 Executing VM operation: HandshakeAllThreads done
Event: 0.518 Executing VM operation: HandshakeAllThreads
Event: 0.518 Executing VM operation: HandshakeAllThreads done
Event: 0.578 Executing VM operation: HandshakeAllThreads
Event: 0.578 Executing VM operation: HandshakeAllThreads done
Event: 1.493 Executing VM operation: ICBufferFull
Event: 1.495 Executing VM operation: ICBufferFull done
Event: 2.092 Executing VM operation: G1CollectFull
Event: 2.111 Executing VM operation: G1CollectFull done
Event: 2.114 Executing VM operation: G1CollectFull
Event: 2.121 Executing VM operation: G1CollectFull done

Events (20 events):
Event: 2.299 loading class sun/nio/cs/US_ASCII
Event: 2.299 loading class sun/nio/cs/US_ASCII done
Event: 2.299 loading class java/nio/charset/StandardCharsets
Event: 2.300 loading class java/nio/charset/StandardCharsets done
Event: 2.300 loading class sun/nio/cs/UTF_16BE
Event: 2.300 loading class sun/nio/cs/UTF_16BE done
Event: 2.300 loading class sun/nio/cs/UTF_16LE
Event: 2.300 loading class sun/nio/cs/UTF_16LE done
Event: 2.300 loading class sun/nio/cs/UTF_16
Event: 2.300 loading class sun/nio/cs/UTF_16 done
Event: 2.300 loading class sun/misc/Unsafe
Event: 2.300 loading class sun/misc/Unsafe done
Event: 2.300 loading class jdk/internal/access/foreign/MemorySegmentProxy
Event: 2.300 loading class jdk/internal/access/foreign/MemorySegmentProxy done
Event: 2.301 loading class java/nio/StringCharBuffer
Event: 2.301 loading class java/nio/StringCharBuffer done
Event: 2.306 loading class java/awt/IllegalComponentStateException
Event: 2.306 loading class java/awt/IllegalComponentStateException done
Event: 2.311 loading class java/lang/NumberFormatException
Event: 2.311 loading class java/lang/NumberFormatException done


Dynamic libraries:
0x000000010cf17000 	/Applications/jmonkeyplatform.app/Contents/Resources/jmonkeyplatform/jdk/lib/libjli.dylib
0x00007ff8318ca000 	/System/Library/Frameworks/Cocoa.framework/Versions/A/Cocoa
0x00007ff81c4bb000 	/System/Library/Frameworks/AppKit.framework/Versions/C/AppKit
0x00007ff81f169000 	/System/Library/Frameworks/CoreData.framework/Versions/A/CoreData
0x00007ff81a1d0000 	/System/Library/Frameworks/Foundation.framework/Versions/C/Foundation
0x00007ff8254cb000 	/usr/lib/libSystem.B.dylib
0x00007ff81d4c0000 	/System/Library/PrivateFrameworks/UIFoundation.framework/Versions/A/UIFoundation
0x00007ffa3840d000 	/System/Library/PrivateFrameworks/CollectionViewCore.framework/Versions/A/CollectionViewCore
0x00007ff82b8de000 	/System/Library/PrivateFrameworks/RemoteViewServices.framework/Versions/A/RemoteViewServices
0x00007ff8235a0000 	/System/Library/PrivateFrameworks/XCTTargetBootstrap.framework/Versions/A/XCTTargetBootstrap
0x00007ff8273f8000 	/System/Library/PrivateFrameworks/InternationalSupport.framework/Versions/A/InternationalSupport
0x00007ff827481000 	/System/Library/PrivateFrameworks/UserActivity.framework/Versions/A/UserActivity
0x00007ffb2e202000 	/System/Library/PrivateFrameworks/WindowManagement.framework/Versions/A/WindowManagement
0x00007ff819ebc000 	/System/Library/Frameworks/SystemConfiguration.framework/Versions/A/SystemConfiguration
0x00007ff8267f6000 	/usr/lib/libspindump.dylib
0x00007ff81d68d000 	/System/Library/Frameworks/UniformTypeIdentifiers.framework/Versions/A/UniformTypeIdentifiers
0x00007ff821a97000 	/usr/lib/libapp_launch_measurement.dylib
0x00007ff82070f000 	/System/Library/PrivateFrameworks/CoreAnalytics.framework/Versions/A/CoreAnalytics
0x00007ff821a9a000 	/System/Library/PrivateFrameworks/CoreAutoLayout.framework/Versions/A/CoreAutoLayout
0x00007ff822e27000 	/System/Library/Frameworks/Metal.framework/Versions/A/Metal
0x00007ff823d5f000 	/usr/lib/liblangid.dylib
0x00007ff8235a5000 	/System/Library/PrivateFrameworks/CoreSVG.framework/Versions/A/CoreSVG
0x00007ff81dfc1000 	/System/Library/PrivateFrameworks/SkyLight.framework/Versions/A/SkyLight
0x00007ff81e3aa000 	/System/Library/Frameworks/CoreGraphics.framework/Versions/A/CoreGraphics
0x00007ff82bfb8000 	/System/Library/Frameworks/Accelerate.framework/Versions/A/Accelerate
0x00007ff82626b000 	/System/Library/PrivateFrameworks/IconServices.framework/Versions/A/IconServices
0x00007ff822e0a000 	/System/Library/Frameworks/IOSurface.framework/Versions/A/IOSurface
0x00007ff820738000 	/usr/lib/libDiagnosticMessagesClient.dylib
0x00007ff8253e1000 	/usr/lib/libz.1.dylib
0x00007ff82f4f7000 	/System/Library/Frameworks/ApplicationServices.framework/Versions/A/ApplicationServices
0x00007ff82358c000 	/System/Library/PrivateFrameworks/DFRFoundation.framework/Versions/A/DFRFoundation
0x00007ff81bd87000 	/usr/lib/libicucore.A.dylib
0x00007ff828298000 	/System/Library/Frameworks/AudioToolbox.framework/Versions/A/AudioToolbox
0x00007ff827403000 	/System/Library/PrivateFrameworks/DataDetectorsCore.framework/Versions/A/DataDetectorsCore
0x00007ff920bf6000 	/System/Library/PrivateFrameworks/TextInput.framework/Versions/A/TextInput
0x00007ff81df36000 	/usr/lib/libMobileGestalt.dylib
0x00007ff823294000 	/System/Library/Frameworks/Carbon.framework/Versions/A/Frameworks/HIToolbox.framework/Versions/A/HIToolbox
0x00007ff82143b000 	/System/Library/Frameworks/QuartzCore.framework/Versions/A/QuartzCore
0x00007ff81ba07000 	/System/Library/Frameworks/Security.framework/Versions/A/Security
0x00007ff82b916000 	/System/Library/Frameworks/Carbon.framework/Versions/A/Frameworks/SpeechRecognition.framework/Versions/A/SpeechRecognition
0x00007ff8217d7000 	/System/Library/PrivateFrameworks/CoreUI.framework/Versions/A/CoreUI
0x00007ff81b30c000 	/System/Library/Frameworks/CoreAudio.framework/Versions/A/CoreAudio
0x00007ff820812000 	/System/Library/Frameworks/DiskArbitration.framework/Versions/A/DiskArbitration
0x00007ff826c13000 	/System/Library/PrivateFrameworks/MultitouchSupport.framework/Versions/A/MultitouchSupport
0x00007ff81df35000 	/usr/lib/libenergytrace.dylib
0x00007ff81c39d000 	/System/Library/Frameworks/IOKit.framework/Versions/A/IOKit
0x00007ff82bd0f000 	/System/Library/Frameworks/CoreServices.framework/Versions/A/CoreServices
0x00007ff821a2f000 	/System/Library/PrivateFrameworks/PerformanceAnalysis.framework/Versions/A/PerformanceAnalysis
0x00007ffa2e403000 	/System/Library/Frameworks/OpenGL.framework/Versions/A/OpenGL
0x00007ff821ae2000 	/usr/lib/libxml2.2.dylib
0x00007ff824962000 	/System/Library/PrivateFrameworks/MobileKeyBag.framework/Versions/A/MobileKeyBag
0x00007ff819050000 	/usr/lib/libobjc.A.dylib
0x00007ff819314000 	/usr/lib/libc++.1.dylib
0x00007ff81ebcb000 	/System/Library/Frameworks/ColorSync.framework/Versions/A/ColorSync
0x00007ff81941f000 	/System/Library/Frameworks/CoreFoundation.framework/Versions/A/CoreFoundation
0x00007ff823941000 	/System/Library/Frameworks/CoreImage.framework/Versions/A/CoreImage
0x00007ff81b11d000 	/System/Library/Frameworks/CoreText.framework/Versions/A/CoreText
0x00007ff8235e0000 	/System/Library/Frameworks/ImageIO.framework/Versions/A/ImageIO
0x00007ff8254d1000 	/System/Library/PrivateFrameworks/SoftLinking.framework/Versions/A/SoftLinking
0x00007ff825750000 	/usr/lib/libcompression.dylib
0x00007ff82732a000 	/System/Library/PrivateFrameworks/TextureIO.framework/Versions/A/TextureIO
0x00007ff825e9a000 	/usr/lib/libate.dylib
0x00007ff8254c6000 	/usr/lib/system/libcache.dylib
0x00007ff825481000 	/usr/lib/system/libcommonCrypto.dylib
0x00007ff8254aa000 	/usr/lib/system/libcompiler_rt.dylib
0x00007ff8254a0000 	/usr/lib/system/libcopyfile.dylib
0x00007ff81917f000 	/usr/lib/system/libcorecrypto.dylib
0x00007ff819241000 	/usr/lib/system/libdispatch.dylib
0x00007ff8193c9000 	/usr/lib/system/libdyld.dylib
0x00007ff8254bc000 	/usr/lib/system/libkeymgr.dylib
0x00007ff825460000 	/usr/lib/system/libmacho.dylib
0x00007ff824a4e000 	/usr/lib/system/libquarantine.dylib
0x00007ff8254ba000 	/usr/lib/system/libremovefile.dylib
0x00007ff81df8f000 	/usr/lib/system/libsystem_asl.dylib
0x00007ff819121000 	/usr/lib/system/libsystem_blocks.dylib
0x00007ff81928b000 	/usr/lib/system/libsystem_c.dylib
0x00007ff8254b2000 	/usr/lib/system/libsystem_collections.dylib
0x00007ff823d50000 	/usr/lib/system/libsystem_configuration.dylib
0x00007ff822ddb000 	/usr/lib/system/libsystem_containermanager.dylib
0x00007ff82512b000 	/usr/lib/system/libsystem_coreservices.dylib
0x00007ff81c01b000 	/usr/lib/system/libsystem_darwin.dylib
0x00007ff8254bd000 	/usr/lib/system/libsystem_dnssd.dylib
0x00007ff819288000 	/usr/lib/system/libsystem_featureflags.dylib
0x00007ff8193f4000 	/usr/lib/system/libsystem_info.dylib
0x00007ff8253f4000 	/usr/lib/system/libsystem_m.dylib
0x00007ff819214000 	/usr/lib/system/libsystem_malloc.dylib
0x00007ff81df1e000 	/usr/lib/system/libsystem_networkextension.dylib
0x00007ff81c45c000 	/usr/lib/system/libsystem_notify.dylib
0x00007ff823d54000 	/usr/lib/system/libsystem_sandbox.dylib
0x00007ff8254b7000 	/usr/lib/system/libsystem_secinit.dylib
0x00007ff819383000 	/usr/lib/system/libsystem_kernel.dylib
0x00007ff8193ea000 	/usr/lib/system/libsystem_platform.dylib
0x00007ff8193bd000 	/usr/lib/system/libsystem_pthread.dylib
0x00007ff81f9d8000 	/usr/lib/system/libsystem_symptoms.dylib
0x00007ff819165000 	/usr/lib/system/libsystem_trace.dylib
0x00007ff82548d000 	/usr/lib/system/libunwind.dylib
0x00007ff819125000 	/usr/lib/system/libxpc.dylib
0x00007ff81936d000 	/usr/lib/libc++abi.dylib
0x00007ff825498000 	/usr/lib/liboah.dylib
0x00007ff825c2b000 	/usr/lib/liblzma.5.dylib
0x00007ff8254cd000 	/usr/lib/libfakelink.dylib
0x00007ff81db79000 	/System/Library/Frameworks/CFNetwork.framework/Versions/A/CFNetwork
0x00007ff82560a000 	/usr/lib/libarchive.2.dylib
0x00007ff829bc7000 	/System/Library/Frameworks/Combine.framework/Versions/A/Combine
0x00007ff827d10000 	/usr/lib/swift/libswiftCore.dylib
0x00007ff91dc70000 	/usr/lib/swift/libswiftCoreFoundation.dylib
0x00007ff91bc72000 	/usr/lib/swift/libswiftDarwin.dylib
0x00007ff82d532000 	/usr/lib/swift/libswiftDispatch.dylib
0x00007ff91dc8c000 	/usr/lib/swift/libswiftIOKit.dylib
0x00007ff82f920000 	/usr/lib/swift/libswiftObjectiveC.dylib
0x00007ff91dc81000 	/usr/lib/swift/libswiftXPC.dylib
0x00007ffb34a7e000 	/usr/lib/swift/libswift_Concurrency.dylib
0x00007ffb34bbd000 	/usr/lib/swift/libswift_StringProcessing.dylib
0x00007ff82f924000 	/usr/lib/swift/libswiftos.dylib
0x00007ff81c322000 	/System/Library/PrivateFrameworks/CoreServicesInternal.framework/Versions/A/CoreServicesInternal
0x00007ff824a75000 	/usr/lib/libbsm.0.dylib
0x00007ff825465000 	/usr/lib/system/libkxld.dylib
0x00007ff821a63000 	/System/Library/Frameworks/CoreServices.framework/Versions/A/Frameworks/FSEvents.framework/Versions/A/FSEvents
0x00007ff81c026000 	/System/Library/Frameworks/CoreServices.framework/Versions/A/Frameworks/CarbonCore.framework/Versions/A/CarbonCore
0x00007ff82077b000 	/System/Library/Frameworks/CoreServices.framework/Versions/A/Frameworks/Metadata.framework/Versions/A/Metadata
0x00007ff825131000 	/System/Library/Frameworks/CoreServices.framework/Versions/A/Frameworks/OSServices.framework/Versions/A/OSServices
0x00007ff825692000 	/System/Library/Frameworks/CoreServices.framework/Versions/A/Frameworks/SearchKit.framework/Versions/A/SearchKit
0x00007ff81f95f000 	/System/Library/Frameworks/CoreServices.framework/Versions/A/Frameworks/AE.framework/Versions/A/AE
0x00007ff8198b7000 	/System/Library/Frameworks/CoreServices.framework/Versions/A/Frameworks/LaunchServices.framework/Versions/A/LaunchServices
0x00007ff825bdc000 	/System/Library/Frameworks/CoreServices.framework/Versions/A/Frameworks/DictionaryServices.framework/Versions/A/DictionaryServices
0x00007ff821a70000 	/System/Library/Frameworks/CoreServices.framework/Versions/A/Frameworks/SharedFileList.framework/Versions/A/SharedFileList
0x00007ff82571e000 	/usr/lib/libapple_nghttp2.dylib
0x00007ff81db75000 	/usr/lib/libnetwork.dylib
0x00007ff81f5df000 	/usr/lib/libsqlite3.dylib
0x00007ff81f9e0000 	/System/Library/Frameworks/Network.framework/Versions/A/Network
0x00007ffb33aaa000 	/usr/lib/libCoreEntitlements.dylib
0x00007ffb217ff000 	/System/Library/PrivateFrameworks/MessageSecurity.framework/Versions/A/MessageSecurity
0x00007ff81f5c6000 	/System/Library/PrivateFrameworks/ProtocolBuffer.framework/Versions/A/ProtocolBuffer
0x00007ff82510b000 	/System/Library/PrivateFrameworks/AppleFSCompression.framework/Versions/A/AppleFSCompression
0x00007ff824a5d000 	/usr/lib/libcoretls.dylib
0x00007ff825c45000 	/usr/lib/libcoretls_cfhelpers.dylib
0x00007ff82574b000 	/usr/lib/libpam.2.dylib
0x00007ff825cb2000 	/usr/lib/libxar.1.dylib
0x00007ff826247000 	/usr/lib/libheimdal-asn1.dylib
0x00007ff8254d2000 	/usr/lib/libpcap.A.dylib
0x00007ff81f9cf000 	/usr/lib/libdns_services.dylib
0x00007ff823d5b000 	/System/Library/PrivateFrameworks/AppleSystemInfo.framework/Versions/A/AppleSystemInfo
0x00007ff82476c000 	/System/Library/PrivateFrameworks/IOMobileFramebuffer.framework/Versions/A/IOMobileFramebuffer
0x00007ff82511b000 	/usr/lib/libbz2.1.0.dylib
0x00007ff824a51000 	/usr/lib/libCheckFix.dylib
0x00007ff81dfa6000 	/System/Library/PrivateFrameworks/TCC.framework/Versions/A/TCC
0x00007ff823d61000 	/System/Library/PrivateFrameworks/CoreNLP.framework/Versions/A/CoreNLP
0x00007ff82073a000 	/System/Library/PrivateFrameworks/MetadataUtilities.framework/Versions/A/MetadataUtilities
0x00007ff824a85000 	/usr/lib/libmecab.dylib
0x00007ff819f3b000 	/usr/lib/libCRFSuite.dylib
0x00007ff824adf000 	/usr/lib/libgermantok.dylib
0x00007ff8256f9000 	/usr/lib/libThaiTokenizer.dylib
0x00007ff82081a000 	/System/Library/Frameworks/Accelerate.framework/Versions/A/Frameworks/vImage.framework/Versions/A/vImage
0x00007ff82bce2000 	/System/Library/Frameworks/Accelerate.framework/Versions/A/Frameworks/vecLib.framework/Versions/A/vecLib
0x00007ff825cf4000 	/System/Library/Frameworks/Accelerate.framework/Versions/A/Frameworks/vecLib.framework/Versions/A/libvMisc.dylib
0x00007ff824567000 	/System/Library/Frameworks/Accelerate.framework/Versions/A/Frameworks/vecLib.framework/Versions/A/libvDSP.dylib
0x00007ff819c71000 	/System/Library/Frameworks/Accelerate.framework/Versions/A/Frameworks/vecLib.framework/Versions/A/libBLAS.dylib
0x00007ff82582f000 	/System/Library/Frameworks/Accelerate.framework/Versions/A/Frameworks/vecLib.framework/Versions/A/libLAPACK.dylib
0x00007ff824ae2000 	/System/Library/Frameworks/Accelerate.framework/Versions/A/Frameworks/vecLib.framework/Versions/A/libLinearAlgebra.dylib
0x00007ff825736000 	/System/Library/Frameworks/Accelerate.framework/Versions/A/Frameworks/vecLib.framework/Versions/A/libSparseBLAS.dylib
0x00007ff825829000 	/System/Library/Frameworks/Accelerate.framework/Versions/A/Frameworks/vecLib.framework/Versions/A/libQuadrature.dylib
0x00007ff823e4e000 	/System/Library/Frameworks/Accelerate.framework/Versions/A/Frameworks/vecLib.framework/Versions/A/libBNNS.dylib
0x00007ff819e45000 	/System/Library/Frameworks/Accelerate.framework/Versions/A/Frameworks/vecLib.framework/Versions/A/libSparse.dylib
0x00007ffb20b3c000 	/System/Library/PrivateFrameworks/MIL.framework/Versions/A/MIL
0x00007ff825507000 	/usr/lib/libiconv.2.dylib
0x00007ff82545f000 	/usr/lib/libcharset.1.dylib
0x00007ff821a47000 	/System/Library/Frameworks/OpenDirectory.framework/Versions/A/Frameworks/CFOpenDirectory.framework/Versions/A/CFOpenDirectory
0x00007ff821a3b000 	/System/Library/Frameworks/OpenDirectory.framework/Versions/A/OpenDirectory
0x00007ff825c47000 	/System/Library/PrivateFrameworks/APFS.framework/Versions/A/APFS
0x00007ff824995000 	/System/Library/Frameworks/SecurityFoundation.framework/Versions/A/SecurityFoundation
0x00007ff825cc0000 	/usr/lib/libutil.dylib
0x00007ffb1fd42000 	/System/Library/PrivateFrameworks/InstalledContentLibrary.framework/Versions/A/InstalledContentLibrary
0x00007ff81c361000 	/System/Library/PrivateFrameworks/CoreServicesStore.framework/Versions/A/CoreServicesStore
0x00007ffa36f7a000 	/System/Library/PrivateFrameworks/AppleMobileFileIntegrity.framework/Versions/A/AppleMobileFileIntegrity
0x00007ff91dc50000 	/usr/lib/libmis.dylib
0x00007ff92c11a000 	/System/Library/PrivateFrameworks/MobileSystemServices.framework/Versions/A/MobileSystemServices
0x00007ffa25eb5000 	/System/Library/PrivateFrameworks/ConfigProfileHelper.framework/Versions/A/ConfigProfileHelper
0x00007ff8256fb000 	/System/Library/PrivateFrameworks/AppleSauce.framework/Versions/A/AppleSauce
0x00007ff81abe2000 	/System/Library/PrivateFrameworks/LanguageModeling.framework/Versions/A/LanguageModeling
0x00007ff825cc4000 	/usr/lib/libxslt.1.dylib
0x00007ff8255f9000 	/usr/lib/libcmph.dylib
0x00007ff82475a000 	/System/Library/PrivateFrameworks/CoreEmoji.framework/Versions/A/CoreEmoji
0x00007ff823e48000 	/System/Library/PrivateFrameworks/LinguisticData.framework/Versions/A/LinguisticData
0x00007ff819dfb000 	/System/Library/PrivateFrameworks/Lexicon.framework/Versions/A/Lexicon
0x00007ff824a23000 	/System/Library/PrivateFrameworks/BackgroundTaskManagement.framework/Versions/A/BackgroundTaskManagement
0x00007ffb33be0000 	/usr/lib/libTLE.dylib
0x00007ffb34b02000 	/usr/lib/swift/libswift_RegexParser.dylib
0x00007ff826add000 	/System/Library/PrivateFrameworks/AppleJPEG.framework/Versions/A/AppleJPEG
0x00007ff82622c000 	/usr/lib/libexpat.1.dylib
0x00007ff827187000 	/System/Library/Frameworks/ImageIO.framework/Versions/A/Resources/libPng.dylib
0x00007ff8271b4000 	/System/Library/Frameworks/ImageIO.framework/Versions/A/Resources/libTIFF.dylib
0x00007ff8272a4000 	/System/Library/Frameworks/ImageIO.framework/Versions/A/Resources/libGIF.dylib
0x00007ff826b28000 	/System/Library/Frameworks/ImageIO.framework/Versions/A/Resources/libJP2.dylib
0x00007ff827244000 	/System/Library/Frameworks/ImageIO.framework/Versions/A/Resources/libJPEG.dylib
0x00007ff82723b000 	/System/Library/Frameworks/ImageIO.framework/Versions/A/Resources/libRadiance.dylib
0x00007ff82312a000 	/System/Library/PrivateFrameworks/FontServices.framework/libFontParser.dylib
0x00007ff81f905000 	/System/Library/PrivateFrameworks/RunningBoardServices.framework/Versions/A/RunningBoardServices
0x00007ff831f00000 	/System/Library/PrivateFrameworks/IOSurfaceAccelerator.framework/Versions/A/IOSurfaceAccelerator
0x00007ff826c0f000 	/System/Library/PrivateFrameworks/WatchdogClient.framework/Versions/A/WatchdogClient
0x00007ff81ad44000 	/System/Library/Frameworks/CoreDisplay.framework/Versions/A/CoreDisplay
0x00007ff82301a000 	/System/Library/Frameworks/CoreMedia.framework/Versions/A/CoreMedia
0x00007ff822e1e000 	/System/Library/PrivateFrameworks/IOAccelerator.framework/Versions/A/IOAccelerator
0x00007ff821bc1000 	/System/Library/Frameworks/CoreVideo.framework/Versions/A/CoreVideo
0x00007ff825749000 	/System/Library/Frameworks/MetalPerformanceShaders.framework/Versions/A/MetalPerformanceShaders
0x00007ff826c4c000 	/System/Library/Frameworks/VideoToolbox.framework/Versions/A/VideoToolbox
0x00007ff81f84a000 	/System/Library/PrivateFrameworks/BaseBoard.framework/Versions/A/BaseBoard
0x00007ff827234000 	/System/Library/PrivateFrameworks/GPUWrangler.framework/Versions/A/GPUWrangler
0x00007ff827218000 	/System/Library/PrivateFrameworks/IOPresentment.framework/Versions/A/IOPresentment
0x00007ff82723e000 	/System/Library/PrivateFrameworks/DSExternalDisplay.framework/Versions/A/DSExternalDisplay
0x00007ffb1c45b000 	/System/Library/PrivateFrameworks/GPUCompiler.framework/Versions/31001/Libraries/libllvm-flatbuffers.dylib
0x00007ffa2e3f7000 	/System/Library/Frameworks/OpenGL.framework/Versions/A/Libraries/libCoreFSCache.dylib
0x00007ffb1c457000 	/System/Library/PrivateFrameworks/GPUCompiler.framework/Versions/31001/Libraries/libGPUCompilerUtils.dylib
0x00007ff8272aa000 	/System/Library/PrivateFrameworks/CMCaptureCore.framework/Versions/A/CMCaptureCore
0x00007ffa315e3000 	/System/Library/Frameworks/ExtensionFoundation.framework/Versions/A/ExtensionFoundation
0x00007ff82dcab000 	/System/Library/PrivateFrameworks/CoreTime.framework/Versions/A/CoreTime
0x00007ff8267e0000 	/System/Library/PrivateFrameworks/AppServerSupport.framework/Versions/A/AppServerSupport
0x00007ff828b5d000 	/System/Library/PrivateFrameworks/perfdata.framework/Versions/A/perfdata
0x00007ff81ae70000 	/System/Library/PrivateFrameworks/AudioToolboxCore.framework/Versions/A/AudioToolboxCore
0x00007ff822ff4000 	/System/Library/PrivateFrameworks/caulk.framework/Versions/A/caulk
0x00007ff82842f000 	/usr/lib/libAudioStatistics.dylib
0x00007ff91d0f5000 	/System/Library/PrivateFrameworks/SystemPolicy.framework/Versions/A/SystemPolicy
0x00007ff8286c8000 	/usr/lib/libSMC.dylib
0x00007ff83176f000 	/System/Library/Frameworks/CoreMIDI.framework/Versions/A/CoreMIDI
0x00007ff827155000 	/usr/lib/libAudioToolboxUtility.dylib
0x00007ff836c36000 	/System/Library/PrivateFrameworks/OSAServicesClient.framework/Versions/A/OSAServicesClient
0x00007ff828b6a000 	/usr/lib/libperfcheck.dylib
0x00007ff826110000 	/System/Library/PrivateFrameworks/PlugInKit.framework/Versions/A/PlugInKit
0x00007ff824988000 	/System/Library/PrivateFrameworks/AssertionServices.framework/Versions/A/AssertionServices
0x00007ffa2e452000 	/System/Library/Frameworks/OpenGL.framework/Versions/A/Libraries/libGLU.dylib
0x00007ffa2e416000 	/System/Library/Frameworks/OpenGL.framework/Versions/A/Libraries/libGFXShared.dylib
0x00007ffa2e61f000 	/System/Library/Frameworks/OpenGL.framework/Versions/A/Libraries/libGL.dylib
0x00007ffa2e41f000 	/System/Library/Frameworks/OpenGL.framework/Versions/A/Libraries/libGLImage.dylib
0x00007ffa2e413000 	/System/Library/Frameworks/OpenGL.framework/Versions/A/Libraries/libCVMSPluginSupport.dylib
0x00007ffb33bbf000 	/usr/lib/libRosetta.dylib
0x00007ffa2e3fe000 	/System/Library/Frameworks/OpenGL.framework/Versions/A/Libraries/libCoreVMClient.dylib
0x00007ff823cd9000 	/System/Library/Frameworks/MetalPerformanceShaders.framework/Versions/A/Frameworks/MPSCore.framework/Versions/A/MPSCore
0x00007ff825075000 	/System/Library/Frameworks/MetalPerformanceShaders.framework/Versions/A/Frameworks/MPSImage.framework/Versions/A/MPSImage
0x00007ff824af8000 	/System/Library/Frameworks/MetalPerformanceShaders.framework/Versions/A/Frameworks/MPSNeuralNetwork.framework/Versions/A/MPSNeuralNetwork
0x00007ff824f6b000 	/System/Library/Frameworks/MetalPerformanceShaders.framework/Versions/A/Frameworks/MPSMatrix.framework/Versions/A/MPSMatrix
0x00007ff824d26000 	/System/Library/Frameworks/MetalPerformanceShaders.framework/Versions/A/Frameworks/MPSRayIntersector.framework/Versions/A/MPSRayIntersector
0x00007ff824fa6000 	/System/Library/Frameworks/MetalPerformanceShaders.framework/Versions/A/Frameworks/MPSNDArray.framework/Versions/A/MPSNDArray
0x00007ffa32934000 	/System/Library/Frameworks/MetalPerformanceShaders.framework/Versions/A/Frameworks/MPSFunctions.framework/Versions/A/MPSFunctions
0x00007ff819b32000 	/System/Library/PrivateFrameworks/MetalTools.framework/Versions/A/MetalTools
0x00007ff823d5a000 	/System/Library/PrivateFrameworks/AggregateDictionary.framework/Versions/A/AggregateDictionary
0x00007ff825fca000 	/usr/lib/libIOReport.dylib
0x00007ffa2f0e6000 	/System/Library/Frameworks/OpenCL.framework/Versions/A/OpenCL
0x00007ff826372000 	/System/Library/PrivateFrameworks/GraphVisualizer.framework/Versions/A/GraphVisualizer
0x00007ffb1c35c000 	/System/Library/PrivateFrameworks/FontServices.framework/Versions/A/FontServices
0x00007ff82679b000 	/System/Library/PrivateFrameworks/OTSVG.framework/Versions/A/OTSVG
0x00007ff82178b000 	/System/Library/Frameworks/ApplicationServices.framework/Versions/A/Frameworks/ATS.framework/Versions/A/Resources/libFontRegistry.dylib
0x00007ff8267ea000 	/System/Library/PrivateFrameworks/FontServices.framework/libhvf.dylib
0x00007ffb1c35d000 	/System/Library/PrivateFrameworks/FontServices.framework/libXTFontStaticRegistryData.dylib
0x00007ffb2d1de000 	/System/Library/PrivateFrameworks/VideoToolboxParavirtualizationSupport.framework/Versions/A/VideoToolboxParavirtualizationSupport
0x00007ff8261dc000 	/System/Library/PrivateFrameworks/AppleVA.framework/Versions/A/AppleVA
0x00007ff82846b000 	/System/Library/Frameworks/ApplicationServices.framework/Versions/A/Frameworks/ATS.framework/Versions/A/ATS
0x00007ff81ecbb000 	/System/Library/Frameworks/ApplicationServices.framework/Versions/A/Frameworks/HIServices.framework/Versions/A/HIServices
0x00007ff8272b6000 	/System/Library/Frameworks/ApplicationServices.framework/Versions/A/Frameworks/PrintCore.framework/Versions/A/PrintCore
0x00007ff82881d000 	/System/Library/Frameworks/ApplicationServices.framework/Versions/A/Frameworks/QD.framework/Versions/A/QD
0x00007ff828815000 	/System/Library/Frameworks/ApplicationServices.framework/Versions/A/Frameworks/ColorSyncLegacy.framework/Versions/A/ColorSyncLegacy
0x00007ff828443000 	/System/Library/Frameworks/ApplicationServices.framework/Versions/A/Frameworks/SpeechSynthesis.framework/Versions/A/SpeechSynthesis
0x00007ff827274000 	/System/Library/Frameworks/ApplicationServices.framework/Versions/A/Frameworks/ATSUI.framework/Versions/A/ATSUI
0x00007ff8287a8000 	/usr/lib/libcups.2.dylib
0x00007ff828b79000 	/System/Library/Frameworks/Kerberos.framework/Versions/A/Kerberos
0x00007ff828b88000 	/System/Library/Frameworks/GSS.framework/Versions/A/GSS
0x00007ff8284d9000 	/usr/lib/libresolv.9.dylib
0x00007ff8267fb000 	/System/Library/PrivateFrameworks/Heimdal.framework/Versions/A/Heimdal
0x00007ff82f8a4000 	/System/Library/Frameworks/Kerberos.framework/Versions/A/Libraries/libHeimdalProxy.dylib
0x00007ff828bd3000 	/System/Library/PrivateFrameworks/CommonAuth.framework/Versions/A/CommonAuth
0x00007ffa308c3000 	/System/Library/Frameworks/AVFAudio.framework/Versions/A/AVFAudio
0x00007ff836c7f000 	/System/Library/PrivateFrameworks/AXCoreUtilities.framework/Versions/A/AXCoreUtilities
0x00007ff8283bf000 	/System/Library/PrivateFrameworks/AudioSession.framework/Versions/A/AudioSession
0x00007ff8299a0000 	/System/Library/Frameworks/IOBluetooth.framework/Versions/A/IOBluetooth
0x00007ff8262e2000 	/System/Library/PrivateFrameworks/MediaExperience.framework/Versions/A/MediaExperience
0x00007ff828267000 	/System/Library/PrivateFrameworks/AudioSession.framework/libSessionUtility.dylib
0x00007ff828829000 	/System/Library/PrivateFrameworks/AudioResourceArbitration.framework/Versions/A/AudioResourceArbitration
0x00007ff82c8ef000 	/System/Library/PrivateFrameworks/PowerLog.framework/Versions/A/PowerLog
0x00007ff82c831000 	/System/Library/Frameworks/CoreBluetooth.framework/Versions/A/CoreBluetooth
0x00007ff82f8a5000 	/System/Library/Frameworks/AudioUnit.framework/Versions/A/AudioUnit
0x00007ff8247f3000 	/System/Library/PrivateFrameworks/CoreUtils.framework/Versions/A/CoreUtils
0x00007ffb1af31000 	/System/Library/PrivateFrameworks/CoreUtilsExtras.framework/Versions/A/CoreUtilsExtras
0x00007ffb1fbd9000 	/System/Library/PrivateFrameworks/IO80211.framework/Versions/A/IO80211
0x00007ff826250000 	/System/Library/PrivateFrameworks/IconFoundation.framework/Versions/A/IconFoundation
0x00007ff82b906000 	/System/Library/PrivateFrameworks/SpeechRecognitionCore.framework/Versions/A/SpeechRecognitionCore
0x000000010e092000 	/Applications/jmonkeyplatform.app/Contents/Resources/jmonkeyplatform/jdk/lib/server/libjvm.dylib
0x000000010cf83000 	/Applications/jmonkeyplatform.app/Contents/Resources/jmonkeyplatform/jdk/lib/libjimage.dylib
0x000000010d010000 	/Applications/jmonkeyplatform.app/Contents/Resources/jmonkeyplatform/jdk/lib/libjava.dylib
0x000000010dbc5000 	/Applications/jmonkeyplatform.app/Contents/Resources/jmonkeyplatform/jdk/lib/libnio.dylib
0x000000010dc1c000 	/Applications/jmonkeyplatform.app/Contents/Resources/jmonkeyplatform/jdk/lib/libnet.dylib
0x000000010dd54000 	/Applications/jmonkeyplatform.app/Contents/Resources/jmonkeyplatform/jdk/lib/libzip.dylib
0x000000010de86000 	/Applications/jmonkeyplatform.app/Contents/Resources/jmonkeyplatform/jdk/lib/libawt.dylib
0x000000013256e000 	/Applications/jmonkeyplatform.app/Contents/Resources/jmonkeyplatform/jdk/lib/libmlib_image.dylib
0x00007ffa31b91000 	/System/Library/Frameworks/JavaRuntimeSupport.framework/Versions/A/JavaRuntimeSupport
0x00007ff91cb24000 	/System/Library/Frameworks/Carbon.framework/Versions/A/Carbon
0x00007ff82dbda000 	/System/Library/PrivateFrameworks/CoreSymbolication.framework/Versions/A/CoreSymbolication
0x00007ff8333e9000 	/System/Library/Frameworks/Carbon.framework/Versions/A/Frameworks/CommonPanels.framework/Versions/A/CommonPanels
0x00007ff82f225000 	/System/Library/Frameworks/Carbon.framework/Versions/A/Frameworks/Help.framework/Versions/A/Help
0x00007ff8333ed000 	/System/Library/Frameworks/Carbon.framework/Versions/A/Frameworks/ImageCapture.framework/Versions/A/ImageCapture
0x00007ff8333bd000 	/System/Library/Frameworks/Carbon.framework/Versions/A/Frameworks/OpenScripting.framework/Versions/A/OpenScripting
0x00007ff8333e5000 	/System/Library/Frameworks/Carbon.framework/Versions/A/Frameworks/Ink.framework/Versions/A/Ink
0x00007ff91cb20000 	/System/Library/Frameworks/Carbon.framework/Versions/A/Frameworks/Print.framework/Versions/A/Print
0x00007ff8333e1000 	/System/Library/Frameworks/Carbon.framework/Versions/A/Frameworks/SecurityHI.framework/Versions/A/SecurityHI
0x00007ff82db9f000 	/System/Library/PrivateFrameworks/DebugSymbols.framework/Versions/A/DebugSymbols
0x00000001327f4000 	/Applications/jmonkeyplatform.app/Contents/Resources/jmonkeyplatform/jdk/lib/libawt_lwawt.dylib
0x000000010de11000 	/Applications/jmonkeyplatform.app/Contents/Resources/jmonkeyplatform/jdk/lib/libosxapp.dylib
0x00007ff91bce0000 	/System/Library/Frameworks/ExceptionHandling.framework/Versions/A/ExceptionHandling
0x0000000138d00000 	/Applications/jmonkeyplatform.app/Contents/Resources/jmonkeyplatform/jdk/lib/libfontmanager.dylib
0x0000000132add000 	/Applications/jmonkeyplatform.app/Contents/Resources/jmonkeyplatform/jdk/lib/libfreetype.dylib
0x00007ff82cee1000 	/System/Library/Frameworks/FileProvider.framework/Versions/A/FileProvider
0x00007ff81f7b5000 	/System/Library/Frameworks/Accounts.framework/Versions/A/Accounts
0x00007ff821c50000 	/System/Library/PrivateFrameworks/UserManagement.framework/Versions/A/UserManagement
0x00007ff82d06a000 	/System/Library/PrivateFrameworks/GenerationalStorage.framework/Versions/A/GenerationalStorage
0x00007ff82c8e4000 	/System/Library/PrivateFrameworks/SymptomDiagnosticReporter.framework/Versions/A/SymptomDiagnosticReporter
0x00007ff81d6a3000 	/System/Library/PrivateFrameworks/DesktopServicesPriv.framework/Versions/A/DesktopServicesPriv
0x00007ff81c46b000 	/usr/lib/libsandbox.1.dylib
0x00007ff82880a000 	/System/Library/PrivateFrameworks/NetAuth.framework/Versions/A/NetAuth
0x00007ff829824000 	/System/Library/PrivateFrameworks/Sharing.framework/Versions/A/Sharing
0x00007ff821c16000 	/System/Library/PrivateFrameworks/login.framework/Versions/A/Frameworks/loginsupport.framework/Versions/A/loginsupport
0x00007ff82edd5000 	/System/Library/PrivateFrameworks/Apple80211.framework/Versions/A/Apple80211
0x00007ff82515e000 	/System/Library/PrivateFrameworks/AuthKit.framework/Versions/A/AuthKit
0x00007ff824779000 	/System/Library/Frameworks/CoreWLAN.framework/Versions/A/CoreWLAN
0x00007ff82edd9000 	/System/Library/PrivateFrameworks/CoreWiFi.framework/Versions/A/CoreWiFi
0x00007ffa20030000 	/System/Library/PrivateFrameworks/WiFiPeerToPeer.framework/Versions/A/WiFiPeerToPeer
0x00007ff82d74c000 	/System/Library/PrivateFrameworks/FrontBoardServices.framework/Versions/A/FrontBoardServices
0x00007ff82d7e3000 	/System/Library/PrivateFrameworks/BoardServices.framework/Versions/A/BoardServices
0x00007ff82ef37000 	/System/Library/PrivateFrameworks/BackBoardServices.framework/Versions/A/BackBoardServices
0x00007ff8252c4000 	/System/Library/Frameworks/UserNotifications.framework/Versions/A/UserNotifications
0x00007ff828cc7000 	/System/Library/PrivateFrameworks/CorePhoneNumbers.framework/Versions/A/CorePhoneNumbers
0x00007ff828506000 	/System/Library/PrivateFrameworks/MultiverseSupport.framework/Versions/A/MultiverseSupport
0x00007ff82f1b2000 	/System/Library/PrivateFrameworks/RemoteServiceDiscovery.framework/Versions/A/RemoteServiceDiscovery
0x00007ff82ca02000 	/System/Library/PrivateFrameworks/DiskManagement.framework/Versions/A/DiskManagement
0x00007ff82c916000 	/System/Library/PrivateFrameworks/AppleIDAuthSupport.framework/Versions/A/AppleIDAuthSupport
0x00007ffa353d4000 	/System/Library/PrivateFrameworks/AAAFoundation.framework/Versions/A/AAAFoundation
0x00007ff828ca0000 	/System/Library/PrivateFrameworks/KeychainCircle.framework/Versions/A/KeychainCircle
0x00007ff82f1c2000 	/System/Library/PrivateFrameworks/RemoteXPC.framework/Versions/A/RemoteXPC
0x00007ff82c9ce000 	/System/Library/PrivateFrameworks/MediaKit.framework/Versions/A/MediaKit
0x00007ff82c922000 	/System/Library/Frameworks/DiscRecording.framework/Versions/A/DiscRecording
0x00007ff826154000 	/usr/lib/libCoreStorage.dylib
0x00007ff82f22d000 	/usr/lib/libcsfde.dylib
0x00007ff829a71000 	/System/Library/PrivateFrameworks/ProtectedCloudStorage.framework/Versions/A/ProtectedCloudStorage
0x00007ff82f229000 	/System/Library/PrivateFrameworks/EFILogin.framework/Versions/A/EFILogin
0x00007ff82d090000 	/System/Library/PrivateFrameworks/OctagonTrust.framework/Versions/A/OctagonTrust
0x00007ff82614c000 	/usr/lib/libMatch.1.dylib
0x00007ff925869000 	/System/Library/CoreServices/RawCamera.bundle/Contents/MacOS/RawCamera
0x00007ff828be3000 	/System/Library/PrivateFrameworks/MobileAsset.framework/Versions/A/MobileAsset
0x00007ff9231c0000 	/System/Library/PrivateFrameworks/SoftwareUpdateCoreSupport.framework/Versions/A/SoftwareUpdateCoreSupport
0x00007ff9294f7000 	/System/Library/PrivateFrameworks/SoftwareUpdateCoreConnect.framework/Versions/A/SoftwareUpdateCoreConnect
0x00007ff82f8c9000 	/System/Library/PrivateFrameworks/StreamingZip.framework/Versions/A/StreamingZip
0x00007ff922e48000 	/System/Library/PrivateFrameworks/MSUDataAccessor.framework/Versions/A/MSUDataAccessor
0x00007ff91f489000 	/usr/lib/libbootpolicy.dylib
0x00007ff92fd5d000 	/usr/lib/libpartition2_dynamic.dylib
0x00007ffa37a60000 	/System/Library/PrivateFrameworks/CMPhoto.framework/Versions/A/CMPhoto
0x00007ff82da73000 	/System/Library/PrivateFrameworks/AppleVPA.framework/Versions/A/AppleVPA
0x00007ff8274ed000 	/System/Library/Frameworks/MediaToolbox.framework/Versions/A/MediaToolbox
0x00007ff82ceb1000 	/System/Library/PrivateFrameworks/CoreAVCHD.framework/Versions/A/CoreAVCHD
0x00007ff82c000000 	/System/Library/Frameworks/MediaAccessibility.framework/Versions/A/MediaAccessibility
0x00007ff82cead000 	/System/Library/PrivateFrameworks/Mangrove.framework/Versions/A/Mangrove
0x00007ff82caf2000 	/System/Library/PrivateFrameworks/CoreAUC.framework/Versions/A/CoreAUC
0x00007ff922830000 	/System/Library/Frameworks/Accelerate.framework/Versions/A/Frameworks/vImage.framework/Versions/A/Libraries/libCGInterfaces.dylib
0x0000000132fcb000 	/usr/lib/libobjc-trampolines.dylib
0x00007ffb3397b000 	/usr/lib/libAccessibilityBaseImplementations.dylib
0x00007ff82192f000 	/System/Library/PrivateFrameworks/ViewBridge.framework/Versions/A/ViewBridge
0x00007ffa2e62a000 	/System/Library/Frameworks/OpenGL.framework/Versions/A/Resources/GLEngine.bundle/GLEngine
0x00007ffa2e490000 	/System/Library/Frameworks/OpenGL.framework/Versions/A/Libraries/libGLProgrammability.dylib
0x00000001432c9000 	/System/Library/Extensions/AppleMetalOpenGLRenderer.bundle/Contents/MacOS/AppleMetalOpenGLRenderer
0x00007ffa2e7b4000 	/System/Library/Frameworks/OpenGL.framework/Versions/A/Resources/GLRendererFloat.bundle/GLRendererFloat
0x00007ffa29175000 	/System/Library/Extensions/AGXMetalG13X.bundle/Contents/MacOS/AGXMetalG13X
0x00007ff91dc63000 	/System/Library/PrivateFrameworks/GPURawCounter.framework/Versions/A/GPURawCounter
0x00007ff835d2a000 	/System/Library/PrivateFrameworks/IOGPU.framework/Versions/A/IOGPU
0x00007ff8268b2000 	/System/Library/PrivateFrameworks/login.framework/Versions/A/login
0x0000000143264000 	/Applications/jmonkeyplatform.app/Contents/Resources/jmonkeyplatform/jdk/lib/libosxui.dylib
0x00000001435ae000 	/Applications/jmonkeyplatform.app/Contents/Resources/jmonkeyplatform/jdk/lib/libprefs.dylib
0x00000001bec25000 	/Users/frankfu/Desktop/2024Fall/CGGameProgramming/Backside_of_the_Moon/Backside_of_the_Moon/libopenal.dylib
0x00000001becc8000 	/Users/frankfu/Desktop/2024Fall/CGGameProgramming/Backside_of_the_Moon/Backside_of_the_Moon/liblwjgl.dylib
0x00000001beb87000 	/Applications/jmonkeyplatform.app/Contents/Resources/jmonkeyplatform/jdk/lib/libjawt.dylib


VM Arguments:
jvm_args: -Dfile.encoding=UTF-8 --module-path=/Users/frankfu/Desktop/2024Fall/CGGameProgramming/Backside_of_the_Moon/Backside_of_the_Moon/build/classes 
java_command: mygame.Main
java_class_path (initial): /Applications/jmonkeyplatform.app/Contents/Resources/jmonkeyplatform/jmonkeyplatform/libs/jme3-jogg-3.6.1-stable.jar:/Applications/jmonkeyplatform.app/Contents/Resources/jmonkeyplatform/jmonkeyplatform/libs/j-ogg-vorbis-1.0.3.jar:/Applications/jmonkeyplatform.app/Contents/Resources/jmonkeyplatform/jmonkeyplatform/libs/jme3-networking-3.6.1-stable.jar:/Applications/jmonkeyplatform.app/Contents/Resources/jmonkeyplatform/jmonkeyplatform/libs/jme3-plugins-3.6.1-stable.jar:/Applications/jmonkeyplatform.app/Contents/Resources/jmonkeyplatform/jmonkeyplatform/libs/gson-2.9.1.jar:/Applications/jmonkeyplatform.app/Contents/Resources/jmonkeyplatform/jmonkeyplatform/libs/jme3-core-3.6.1-stable.jar:/Applications/jmonkeyplatform.app/Contents/Resources/jmonkeyplatform/jmonkeyplatform/libs/jme3-desktop-3.6.1-stable.jar:/Applications/jmonkeyplatform.app/Contents/Resources/jmonkeyplatform/jmonkeyplatform/libs/jme3-lwjgl-3.6.1-stable.jar:/Applications/jmonkeyplatform.app/Contents/Resources/jmonkeyplatform/jmonkeyplatform/libs/lwjgl-platform-2.9.5-natives-windows.jar:/Applications/jmonkeyplatform.app/Contents/Resources/jmonkeyplatform/jmonkeyplatform/libs/lwjgl-platform-2.9.5-natives-linux.jar:/Applications/jmonkeyplatform.app/Contents/Resources/jmonkeyplatform/jmonkeyplatform/libs/lwjgl-platform-2.9.5-natives-osx.jar:/Applications/jmonkeyplatform.app/Contents/Resources/jmonkeyplatform/jmonkeyplatform/libs/jinput-2.0.9.jar:/Applications/jmonkeyplatform.app/Contents/Resources/jmonkeyplatform/jmonkeyplatform/libs/jinput-2.0.9-natives-all.jar:/Applications/jmonkeyplatform.app/Contents/Resources/jmonkeyplatform/jmonkeyplatform/libs/lwjgl-2.9.5.jar:/Applications/jmonkeyplatform.app/Contents/Resources/jmonkeyplatform/jmonkeyplatform/libs/jme3-effects-3.6.1-stable.jar:/Applications/jmonkeyplatform.app/Contents/Resources/jmonkeyplatform/jmonkeyplatform/libs/jme3-terrain-3.6.1-stable.jar:/Applications/jmonkeyplatform.app/Contents/Resources/jmonkeyplatform/jmonkeypla
Launcher Type: SUN_STANDARD

[Global flags]
     intx CICompilerCount                          = 4                                         {product} {ergonomic}
     uint ConcGCThreads                            = 2                                         {product} {ergonomic}
     uint G1ConcRefinementThreads                  = 8                                         {product} {ergonomic}
   size_t G1HeapRegionSize                         = 2097152                                   {product} {ergonomic}
    uintx GCDrainStackTargetSize                   = 64                                        {product} {ergonomic}
   size_t InitialHeapSize                          = 268435456                                 {product} {ergonomic}
   size_t MarkStackSize                            = 4194304                                   {product} {ergonomic}
   size_t MaxHeapSize                              = 4294967296                                {product} {ergonomic}
   size_t MaxNewSize                               = 2575302656                                {product} {ergonomic}
   size_t MinHeapDeltaBytes                        = 2097152                                   {product} {ergonomic}
   size_t MinHeapSize                              = 8388608                                   {product} {ergonomic}
    uintx NonNMethodCodeHeapSize                   = 5839372                                {pd product} {ergonomic}
    uintx NonProfiledCodeHeapSize                  = 122909434                              {pd product} {ergonomic}
    uintx ProfiledCodeHeapSize                     = 122909434                              {pd product} {ergonomic}
    uintx ReservedCodeCacheSize                    = 251658240                              {pd product} {ergonomic}
     bool SegmentedCodeCache                       = true                                      {product} {ergonomic}
   size_t SoftMaxHeapSize                          = 4294967296                             {manageable} {ergonomic}
     bool UseCompressedClassPointers               = true                           {product lp64_product} {ergonomic}
     bool UseCompressedOops                        = true                           {product lp64_product} {ergonomic}
     bool UseG1GC                                  = true                                      {product} {ergonomic}
     bool UseNUMA                                  = false                                     {product} {ergonomic}
     bool UseNUMAInterleaving                      = false                                     {product} {ergonomic}

Logging:
Log output configuration:
 #0: stdout all=warning uptime,level,tags
 #1: stderr all=off uptime,level,tags

Environment Variables:
PATH=/usr/bin:/bin:/usr/sbin:/sbin
SHELL=/bin/zsh
DISPLAY=/private/tmp/com.apple.launchd.YWZWsFBOEN/org.xquartz:0
LC_CTYPE=UTF-8
TMPDIR=/var/folders/70/bb10t5_x7ldbcry3y_6g_fsc0000gn/T/

Active Locale:
LC_ALL=C/UTF-8/C/C/C/C
LC_COLLATE=C
LC_CTYPE=UTF-8
LC_MESSAGES=C
LC_MONETARY=C
LC_NUMERIC=C
LC_TIME=C

Signal Handlers:
   SIGSEGV: crash_handler in libjvm.dylib, mask=11100110100111111111111111111111, flags=SA_RESTART|SA_SIGINFO, unblocked
    SIGBUS: crash_handler in libjvm.dylib, mask=11100110100111111111111111111111, flags=SA_RESTART|SA_SIGINFO, unblocked
    SIGFPE: crash_handler in libjvm.dylib, mask=11100110100111111111111111111111, flags=SA_RESTART|SA_SIGINFO, unblocked
   SIGPIPE: javaSignalHandler in libjvm.dylib, mask=11100110100111111111111111111111, flags=SA_RESTART|SA_SIGINFO, blocked
   SIGXFSZ: javaSignalHandler in libjvm.dylib, mask=11100110100111111111111111111111, flags=SA_RESTART|SA_SIGINFO, blocked
    SIGILL: crash_handler in libjvm.dylib, mask=11100110100111111111111111111111, flags=SA_RESTART|SA_SIGINFO, unblocked
   SIGUSR2: SR_handler in libjvm.dylib, mask=00100000000000000000000000000000, flags=SA_RESTART|SA_SIGINFO, blocked
    SIGHUP: UserHandler in libjvm.dylib, mask=11100110100111111111111111111111, flags=SA_RESTART|SA_SIGINFO, blocked
    SIGINT: SIG_IGN, mask=11111111011111110111111111111111, flags=none, blocked
   SIGTERM: UserHandler in libjvm.dylib, mask=11100110100111111111111111111111, flags=SA_RESTART|SA_SIGINFO, blocked
   SIGQUIT: UserHandler in libjvm.dylib, mask=11100110100111111111111111111111, flags=SA_RESTART|SA_SIGINFO, blocked
   SIGTRAP: crash_handler in libjvm.dylib, mask=11100110100111111111111111111111, flags=SA_RESTART|SA_SIGINFO, unblocked


Periodic native trim disabled


---------------  S Y S T E M  ---------------

OS:
uname: Darwin 22.1.0 Darwin Kernel Version 22.1.0: Sun Oct  9 20:15:09 PDT 2022; root:xnu-8792.41.9~2/RELEASE_ARM64_T6000 x86_64
OS uptime: 22 days 16:51 hours
rlimit (soft/hard): STACK 8176k/65520k , CORE 0k/infinity , NPROC 2666/4000 , NOFILE 10240/infinity , AS infinity/infinity , CPU infinity/infinity , DATA infinity/infinity , FSIZE infinity/infinity , MEMLOCK infinity/infinity , RSS infinity/infinity
load average: 2.97 2.27 2.07

CPU: (EMULATED) total 8 (initial active 8) (1 cores per cpu, 1 threads per core) family 6 model 44 stepping 0 microcode 0x0, cx8, cmov, fxsr, mmx, sse, sse2, sse3, ssse3, sse4.1, sse4.2, popcnt, tsc, tscinvbit, aes, clmul, clflush
machdep.cpu.brand_string:Apple M1 Pro
hw.cpufrequency:2400000000
hw.cpufrequency_min:2400000000
hw.cpufrequency_max:2400000000
hw.cachelinesize:64
hw.l1icachesize:131072
hw.l1dcachesize:65536
hw.l2cachesize:4194304

Memory: 4k page, physical 16777216k(309904k free), swap 0k(0k free)

vm_info: OpenJDK 64-Bit Server VM (17.0.9+9) for bsd-amd64 JRE (17.0.9+9), built on Oct 18 2023 08:05:15 by "admin" with clang Apple LLVM 12.0.0 (clang-1200.0.32.29)

END.
